SLF4J: The requested version 1.5.11 by your slf4j binding is not compatible with [1.5.5, 1.5.6, 1.5.7, 1.5.8]
SLF4J: See http://www.slf4j.org/codes.html#version_mismatch for further details.
log4j:WARN No appenders could be found for logger (com.renren.xoa2.registry.impl.XcsXoaRegistry).
log4j:WARN Please initialize the log4j system properly.
start init!!
+(徒银纸)
+(看清楚)
+(看清楚)
+()
org.apache.lucene.queryParser.ParseException: Cannot parse '+()': Encountered " ")" ") "" at line 1, column 2.
Was expecting one of:
    <NOT> ...
    "+" ...
    "-" ...
    "(" ...
    "*" ...
    <QUOTED> ...
    <TERM> ...
    <PREFIXTERM> ...
    <WILDTERM> ...
    "[" ...
    "{" ...
    <NUMBER> ...
    <TERM> ...
    "*" ...
    
	at org.apache.lucene.queryParser.QueryParser.parse(QueryParser.java:187)
	at com.renren.xoa2.ntc.search.SearchClientImpl.search(SearchClientImpl.java:159)
	at com.renren.xoa2.ntc.search.SearchClient$Processor$search.getResult(SearchClient.java:407)
	at com.renren.xoa2.ntc.search.SearchClient$Processor$search.getResult(SearchClient.java:392)
	at org.apache.thrift.ProcessFunction.process(ProcessFunction.java:39)
	at org.apache.thrift.TBaseProcessor.process(TBaseProcessor.java:39)
	at org.apache.thrift.XoaProcessor.process(XoaProcessor.java:35)
	at org.apache.thrift.server.AbstractNonblockingServer$FrameBuffer.invoke(AbstractNonblockingServer.java:478)
	at org.apache.thrift.server.Invocation.run(Invocation.java:18)
	at java.util.concurrent.ThreadPoolExecutor$Worker.runTask(ThreadPoolExecutor.java:886)
	at java.util.concurrent.ThreadPoolExecutor$Worker.run(ThreadPoolExecutor.java:908)
	at java.lang.Thread.run(Thread.java:662)
Caused by: org.apache.lucene.queryParser.ParseException: Encountered " ")" ") "" at line 1, column 2.
Was expecting one of:
    <NOT> ...
    "+" ...
    "-" ...
    "(" ...
    "*" ...
    <QUOTED> ...
    <TERM> ...
    <PREFIXTERM> ...
    <WILDTERM> ...
    "[" ...
    "{" ...
    <NUMBER> ...
    <TERM> ...
    "*" ...
    
	at org.apache.lucene.queryParser.QueryParser.generateParseException(QueryParser.java:1759)
	at org.apache.lucene.queryParser.QueryParser.jj_consume_token(QueryParser.java:1641)
	at org.apache.lucene.queryParser.QueryParser.Clause(QueryParser.java:1268)
	at org.apache.lucene.queryParser.QueryParser.Query(QueryParser.java:1178)
	at org.apache.lucene.queryParser.QueryParser.Clause(QueryParser.java:1254)
	at org.apache.lucene.queryParser.QueryParser.Query(QueryParser.java:1178)
	at org.apache.lucene.queryParser.QueryParser.TopLevelQuery(QueryParser.java:1167)
	at org.apache.lucene.queryParser.QueryParser.parse(QueryParser.java:182)
	... 11 more
+(看清楚)
test!
test!
